SESSION: n/a | POST: +1ajSSvS8NWyqhLmZw04RA==
SESSION: n/a | POST: GVBdqyeuc3e9yfXXxpt0Aw==
SESSION: G2AI/CeEHrD8w6lrPAcTIQ== | POST: G2AI/CeEHrD8w6lrPAcTIQ==
SESSION: dbNdb/w3vcbIAIxlJ235jQ== | POST: dbNdb/w3vcbIAIxlJ235jQ==
SESSION: n/a | POST: v2Ggw/hCuxFyw124+L1GVA==
SESSION: n/a | POST: v2Ggw/hCuxFyw124+L1GVA==
SESSION: n/a | POST: v2Ggw/hCuxFyw124+L1GVA==
SESSION: n/a | POST: v2Ggw/hCuxFyw124+L1GVA==
SESSION: n/a | POST: v2Ggw/hCuxFyw124+L1GVA==
SESSION: n/a | POST: v2Ggw/hCuxFyw124+L1GVA==
SESSION: n/a | POST: v2Ggw/hCuxFyw124+L1GVA==
SESSION: n/a | POST: v2Ggw/hCuxFyw124+L1GVA==
SESSION: n/a | POST: v2Ggw/hCuxFyw124+L1GVA==
SESSION: n/a | POST: v2Ggw/hCuxFyw124+L1GVA==
SESSION: n/a | POST: v2Ggw/hCuxFyw124+L1GVA==
SESSION: n/a | POST: v2Ggw/hCuxFyw124+L1GVA==
SESSION: n/a | POST: v2Ggw/hCuxFyw124+L1GVA==
SESSION: n/a | POST: v2Ggw/hCuxFyw124+L1GVA==
SESSION: n/a | POST: v2Ggw/hCuxFyw124+L1GVA==
SESSION: n/a | POST: v2Ggw/hCuxFyw124+L1GVA==
SESSION: n/a | POST: v2Ggw/hCuxFyw124+L1GVA==
SESSION: n/a | POST: uC/x0PQGtexeUDAOrB09MQ==
SESSION: n/a | POST: uC/x0PQGtexeUDAOrB09MQ==
SESSION: n/a | POST: uC/x0PQGtexeUDAOrB09MQ==
SESSION: ocF/1+7L2sp1Ll3J4gL3UQ== | POST: ocF/1+7L2sp1Ll3J4gL3UQ==
SESSION: 6DhlbsI09Ha1EIprF92jpw== | POST: 6DhlbsI09Ha1EIprF92jpw==
SESSION: n/a | POST: wIfxS968bqlv8z8tmz0X4w==
SESSION: n/a | POST: wIfxS968bqlv8z8tmz0X4w==
SESSION: n/a | POST: wIfxS968bqlv8z8tmz0X4w==
SESSION: n/a | POST: o3PLpPpGsVT/uRZwLHiI7A==
SESSION: n/a | POST: o3PLpPpGsVT/uRZwLHiI7A==
SESSION: n/a | POST: o3PLpPpGsVT/uRZwLHiI7A==
SESSION: n/a | POST: 0FUO7DsBI/V0pZ7dlrYTjw==
SESSION: qHaMJtpu6vzPac9i2SyrZQ== | POST: qHaMJtpu6vzPac9i2SyrZQ==
SESSION: +DAH+UECh62uMGW4fAjCTw== | POST: +DAH+UECh62uMGW4fAjCTw==
SESSION: n/a | POST: 9jJhxex27RHupCSw/NfN1A==
SESSION: s1mulgu3n1fvEofrQ3WIpw== | POST: s1mulgu3n1fvEofrQ3WIpw==
SESSION: s0xji+8wDgzhlDePnQEpHw== | POST: s0xji+8wDgzhlDePnQEpHw==
SESSION: BsaECknzOwf+Qb/cW0siag== | POST: BsaECknzOwf+Qb/cW0siag==
SESSION: rqISQUpK10eMIJQQFpDVuA== | POST: rqISQUpK10eMIJQQFpDVuA==
SESSION: XDemmgJSeqJpkTz1UnQbbQ== | POST: XDemmgJSeqJpkTz1UnQbbQ==
SESSION: p/js4kuPpNwotXcG3XPfkQ== | POST: p/js4kuPpNwotXcG3XPfkQ==
SESSION: iJqVI9CeMiUy79h7AReDQw== | POST: iJqVI9CeMiUy79h7AReDQw==
SESSION: fKSkOgPI5HYle424Qmfpbg== | POST: fKSkOgPI5HYle424Qmfpbg==
